<?xml version="1.0" encoding="UTF-8"?>
<!-- Generated by org.testng.reporters.JUnitXMLReporter -->
<testsuite hostname="ddobriyalvm1" ignored="0" name="Test" tests="4" failures="2" timestamp="10 Apr 2018 09:37:45 GMT" time="2.037" errors="0">
  <testcase name="testRequest" time="0.077" classname="test.BaseTest">
    <skipped/>
  </testcase> <!-- testRequest -->
  <testcase name="testRequest" time="0.002" classname="test.BaseTest">
    <skipped/>
  </testcase> <!-- testRequest -->
  <testcase name="testRequest" time="0.092" classname="test.BaseTest">
    <failure type="java.lang.ArrayIndexOutOfBoundsException" message="2">
      <![CDATA[java.lang.ArrayIndexOutOfBoundsException: 2
	at helper.RestMe.getMe(RestMe.java:71)
	at test.BaseTest.performAction(BaseTest.java:186)
	at test.BaseTest.testRequest(BaseTest.java:144)
	at helper.IHookableListener.run(IHookableListener.java:49)
... Removed 27 stack frames]]>
    </failure>
  </testcase> <!-- testRequest -->
  <testcase name="testbogas" time="0.004" classname="test.BaseTest">
    <failure type="java.lang.ArrayIndexOutOfBoundsException" message="2">
      <![CDATA[java.lang.ArrayIndexOutOfBoundsException: 2
	at helper.IHookableListener.run(IHookableListener.java:46)
... Removed 21 stack frames]]>
    </failure>
  </testcase> <!-- testbogas -->
</testsuite> <!-- Test -->
