<?xml version="1.0" encoding="UTF-8"?>
<!-- Generated by org.testng.reporters.JUnitXMLReporter -->
<testsuite hostname="ddobriyalvm1" ignored="0" name="Test" tests="4" failures="2" timestamp="20 Mar 2018 04:19:57 GMT" time="0.914" errors="0">
  <testcase name="testRequest" time="0.026" classname="test.BaseTest">
    <skipped/>
  </testcase> <!-- testRequest -->
  <testcase name="testRequest" time="0.0" classname="test.BaseTest">
    <skipped/>
  </testcase> <!-- testRequest -->
  <testcase name="testRequest" time="0.0" classname="test.BaseTest">
    <failure type="java.lang.ArrayIndexOutOfBoundsException" message="2">
      <![CDATA[java.lang.ArrayIndexOutOfBoundsException: 2
	at helper.RestMe.getMe(RestMe.java:71)
	at test.BaseTest.performAction(BaseTest.java:168)
	at test.BaseTest.testRequest(BaseTest.java:129)
	at helper.IHookableListener.run(IHookableListener.java:49)
... Removed 30 stack frames]]>
    </failure>
  </testcase> <!-- testRequest -->
  <testcase name="testbogas" time="0.0" classname="test.BaseTest">
    <failure type="java.lang.ArrayIndexOutOfBoundsException" message="2">
      <![CDATA[java.lang.ArrayIndexOutOfBoundsException: 2
	at helper.IHookableListener.run(IHookableListener.java:46)
... Removed 24 stack frames]]>
    </failure>
  </testcase> <!-- testbogas -->
</testsuite> <!-- Test -->
