<?xml version="1.0" encoding="UTF-8"?>
<testsuite xmlns:xsi="http://www.w3.org/2001/XMLSchema-instance" xsi:schemaLocation="https://maven.apache.org/surefire/maven-surefire-plugin/xsd/surefire-test-report.xsd" name="TestSuite" time="13.334" tests="4" errors="0" skipped="2" failures="2">
  <properties>
[...]
</properties>
  <testcase name="testRequest" classname="test.BaseTest" time="0">
    <skipped message="skipping test"/>
    <system-out><![CDATA[Input test case file path: /home/ddobriyal/git/PriveRestAssured/src/test/resources/inputdata.csv
]]></system-out>
    <system-err><![CDATA[SLF4J: Failed to load class "org.slf4j.impl.StaticLoggerBinder".
SLF4J: Defaulting to no-operation (NOP) logger implementation
SLF4J: See http://www.slf4j.org/codes.html#StaticLoggerBinder for further details.
]]></system-err>
  </testcase>
  <testcase name="testRequest" classname="test.BaseTest" time="0">
    <skipped message="skipping test"/>
  </testcase>
  <testcase name="testRequest" classname="test.BaseTest" time="0.008">
    <failure message="2" type="java.lang.ArrayIndexOutOfBoundsException">java.lang.ArrayIndexOutOfBoundsException: 2
	at test.BaseTest.performAction(BaseTest.java:168)
	at test.BaseTest.testRequest(BaseTest.java:129)
</failure>
    <system-out><![CDATA[****************************** GET ******************************
]]></system-out>
  </testcase>
  <testcase name="testbogas" classname="test.BaseTest" time="0">
    <failure message="2" type="java.lang.ArrayIndexOutOfBoundsException">java.lang.ArrayIndexOutOfBoundsException: 2
</failure>
  </testcase>
</testsuite>